[debug] [2023-07-28T09:07:06.691Z] ----------------------------------------------------------------------
[debug] [2023-07-28T09:07:06.693Z] Command:       C:\Program Files\nodejs\node.exe C:\Users\User\AppData\Roaming\npm\node_modules\firebase-tools\lib\bin\firebase.js init hosting
[debug] [2023-07-28T09:07:06.694Z] CLI Version:   12.4.6
[debug] [2023-07-28T09:07:06.694Z] Platform:      win32
[debug] [2023-07-28T09:07:06.694Z] Node Version:  v18.16.0
[debug] [2023-07-28T09:07:06.695Z] Time:          Fri Jul 28 2023 14:37:06 GMT+0530 (India Standard Time)
[debug] [2023-07-28T09:07:06.695Z] ----------------------------------------------------------------------
[debug] 
[debug] [2023-07-28T09:07:06.703Z] > command requires scopes: ["email","openid","https://www.googleapis.com/auth/cloudplatformprojects.readonly","https://www.googleapis.com/auth/firebase","https://www.googleapis.com/auth/cloud-platform"]
[debug] [2023-07-28T09:07:06.704Z] > authorizing via signed-in user (ragavimuthu.ug.21.cs@francisxavier.ac.in)
[info] 
     ######## #### ########  ######## ########     ###     ######  ########
     ##        ##  ##     ## ##       ##     ##  ##   ##  ##       ##
     ######    ##  ########  ######   ########  #########  ######  ######
     ##        ##  ##    ##  ##       ##     ## ##     ##       ## ##
     ##       #### ##     ## ######## ########  ##     ##  ######  ########

You're about to initialize a Firebase project in this directory:

  C:\Users\User\Desktop\Reactjs Projects\Applied Lab\my-app

[info] 
=== Project Setup
[info] 
[info] First, let's associate this project directory with a Firebase project.
[info] You can create multiple project aliases by running firebase use --add, 
[info] but for now we'll just set up a default project.
[info] 
[debug] [2023-07-28T09:07:40.633Z] >>> [apiv2][query] GET https://firebase.googleapis.com/v1beta1/projects pageSize=100
[debug] [2023-07-28T09:07:41.812Z] <<< [apiv2][status] GET https://firebase.googleapis.com/v1beta1/projects 200
[debug] [2023-07-28T09:07:41.812Z] <<< [apiv2][body] GET https://firebase.googleapis.com/v1beta1/projects [omitted]
[info] i  Using project farm-fab-website (Farm-Fab-Website) 
[info] 
=== Hosting Setup
[info] 
[info] Your public directory is the folder (relative to your project directory) that
[info] will contain Hosting assets to be uploaded with firebase deploy. If you
[info] have a build process for your assets, use your build's output directory.
[info] 
[debug] [2023-07-28T09:10:32.612Z] >>> [apiv2][query] GET https://www.gstatic.com/firebasejs/releases.json [none]
[debug] [2023-07-28T09:10:32.860Z] <<< [apiv2][status] GET https://www.gstatic.com/firebasejs/releases.json 200
[debug] [2023-07-28T09:10:32.860Z] <<< [apiv2][body] GET https://www.gstatic.com/firebasejs/releases.json {"current":{"version":"10.1.0","browserURL":"https://www.gstatic.com/firebasejs/10.1.0/firebase.js","packageURL":"https://www.gstatic.com/firebasejs/10.1.0/firebase.tgz"},"live":{"version":"10.1","browserURL":"https://www.gstatic.com/firebasejs/live/10.1/firebase.js","packageURL":"https://www.gstatic.com/firebasejs/live/10.1/firebase.tgz"},"components":{"analytics":"https://www.gstatic.com/firebasejs/10.1.0/firebase-analytics.js","app":"https://www.gstatic.com/firebasejs/10.1.0/firebase-app.js","app-check":"https://www.gstatic.com/firebasejs/10.1.0/firebase-app-check.js","auth":"https://www.gstatic.com/firebasejs/10.1.0/firebase-auth.js","auth/cordova":"https://www.gstatic.com/firebasejs/10.1.0/firebase-auth/cordova.js","functions":"https://www.gstatic.com/firebasejs/10.1.0/firebase-functions.js","firestore":"https://www.gstatic.com/firebasejs/10.1.0/firebase-firestore.js","firestore/lite":"https://www.gstatic.com/firebasejs/10.1.0/firebase-firestore/lite.js","installations":"https://www.gstatic.com/firebasejs/10.1.0/firebase-installations.js","storage":"https://www.gstatic.com/firebasejs/10.1.0/firebase-storage.js","performance":"https://www.gstatic.com/firebasejs/10.1.0/firebase-performance.js","remote-config":"https://www.gstatic.com/firebasejs/10.1.0/firebase-remote-config.js","messaging":"https://www.gstatic.com/firebasejs/10.1.0/firebase-messaging.js","messaging/sw":"https://www.gstatic.com/firebasejs/10.1.0/firebase-messaging/sw.js","database":"https://www.gstatic.com/firebasejs/10.1.0/firebase-database.js","firestore.memory":"https://www.gstatic.com/firebasejs/10.1.0/firebase-firestore.memory.js"}}
[info] +  Wrote build/index.html 
[info] 
[info] i  Detected a .git folder at C:\Users\User\Desktop\Reactjs Projects\Applied Lab\my-app 
[info] i  Authorizing with GitHub to upload your service account to a GitHub repository's secrets store. 
[info] 
[info] Visit this URL on this device to log in:
[info] https://github.com/login/oauth/authorize?client_id=89cf50f02ac6aaed3484&state=99738164&redirect_uri=http%3A%2F%2Flocalhost%3A9005&scope=read%3Auser%20repo%20public_repo
[info] 
[info] Waiting for authentication...
[debug] [2023-07-28T09:10:33.835Z] >>> [apiv2][query] POST https://github.com/login/oauth/access_token [none]
[debug] [2023-07-28T09:10:33.836Z] >>> [apiv2][body] POST https://github.com/login/oauth/access_token [stream]
[debug] [2023-07-28T09:10:34.401Z] <<< [apiv2][status] POST https://github.com/login/oauth/access_token 200
[debug] [2023-07-28T09:10:34.402Z] <<< [apiv2][body] POST https://github.com/login/oauth/access_token {"access_token":"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","token_type":"bearer","scope":"read:user,repo"}
[debug] [2023-07-28T09:10:34.413Z] >>> [apiv2][query] GET https://api.github.com/user [none]
[debug] [2023-07-28T09:10:34.993Z] <<< [apiv2][status] GET https://api.github.com/user 200
[debug] [2023-07-28T09:10:34.993Z] <<< [apiv2][body] GET https://api.github.com/user {"login":"Ragavipriya18","id":129532617,"node_id":"U_kgDOB7iCyQ","avatar_url":"https://avatars.githubusercontent.com/u/129532617?v=4","gravatar_id":"","url":"https://api.github.com/users/Ragavipriya18","html_url":"https://github.com/Ragavipriya18","followers_url":"https://api.github.com/users/Ragavipriya18/followers","following_url":"https://api.github.com/users/Ragavipriya18/following{/other_user}","gists_url":"https://api.github.com/users/Ragavipriya18/gists{/gist_id}","starred_url":"https://api.github.com/users/Ragavipriya18/starred{/owner}{/repo}","subscriptions_url":"https://api.github.com/users/Ragavipriya18/subscriptions","organizations_url":"https://api.github.com/users/Ragavipriya18/orgs","repos_url":"https://api.github.com/users/Ragavipriya18/repos","events_url":"https://api.github.com/users/Ragavipriya18/events{/privacy}","received_events_url":"https://api.github.com/users/Ragavipriya18/received_events","type":"User","site_admin":false,"name":"Ragavi","company":null,"blog":"","location":null,"email":null,"hireable":null,"bio":null,"twitter_username":null,"public_repos":1,"public_gists":0,"followers":0,"following":0,"created_at":"2023-03-31T15:29:08Z","updated_at":"2023-06-26T07:27:32Z","private_gists":0,"total_private_repos":0,"owned_private_repos":0,"disk_usage":10350,"collaborators":0,"two_factor_authentication":false,"plan":{"name":"free","space":976562499,"collaborators":0,"private_repos":10000}}
[info] 
[info] +  Success! Logged into GitHub as Ragavipriya18 
[info] 
[debug] [2023-07-28T09:23:11.479Z] >>> [apiv2][query] GET https://api.github.com/repos/Ragavi/actions/secrets/public-key type=owner
[debug] [2023-07-28T09:23:12.012Z] <<< [apiv2][status] GET https://api.github.com/repos/Ragavi/actions/secrets/public-key 404
[debug] [2023-07-28T09:23:12.012Z] <<< [apiv2][body] GET https://api.github.com/repos/Ragavi/actions/secrets/public-key {"message":"Not Found","documentation_url":"https://docs.github.com/rest"}
[info] 
[info] 
[error] !  The provided authorization cannot be used with this repository. If this repository is in an organization, did you remember to grant access? 
[info] 
[info] i  Action required: Visit this URL to ensure access has been granted to the appropriate organization(s) for the Firebase CLI GitHub OAuth App: 
[info] https://github.com/settings/connections/applications/89cf50f02ac6aaed3484
[info] 
[debug] [2023-07-28T09:23:30.377Z] >>> [apiv2][query] GET https://api.github.com/repos/user/actions/secrets/public-key type=owner
[debug] [2023-07-28T09:23:31.106Z] <<< [apiv2][status] GET https://api.github.com/repos/user/actions/secrets/public-key 404
[debug] [2023-07-28T09:23:31.107Z] <<< [apiv2][body] GET https://api.github.com/repos/user/actions/secrets/public-key {"message":"Not Found","documentation_url":"https://docs.github.com/rest"}
[info] 
[info] 
[error] !  The provided authorization cannot be used with this repository. If this repository is in an organization, did you remember to grant access? 
[info] 
[info] i  Action required: Visit this URL to ensure access has been granted to the appropriate organization(s) for the Firebase CLI GitHub OAuth App: 
[info] https://github.com/settings/connections/applications/89cf50f02ac6aaed3484
[info] 
